app/build/outputs/logs/manifest-merger-debug-report.txt
-- Merging decision tree log ---
provider#androidx.core.content.FileProvider
INJECTED from src/main/AndroidManifest.xml:213:9-221:20
	android:grantUriPermissions
		ADDED from src/main/AndroidManifest.xml:217:13-47
	android:authorities
		INJECTED from src/main/AndroidManifest.xml
		ADDED from src/main/AndroidManifest.xml:215:13-60
	android:exported
		ADDED from src/main/AndroidManifest.xml:216:13-37
	android:name
		ADDED from src/main/AndroidManifest.xml:214:13-62
manifest
ADDED from src/main/AndroidManifest.xml:2:1-234:12
INJECTED from src/main/AndroidManifest.xml:2:1-234:12
INJECTED from src/main/AndroidManifest.xml:2:1-234:12
INJECTED from src/main/AndroidManifest.xml:2:1-234:12
MERGED from [io.realm:realm-android-library:5.1.0] AndroidManifest.xml:2:1-10:12
MERGED from [com.amitshekhar.android:debug-db:0.4.0] AndroidManifest.xml:20:1-40:12
MERGED from [androidx.multidex:multidex-instrumentation:2.0.0] AndroidManifest.xml:17:1-22:12
MERGED from [androidx.multidex:multidex:2.0.0] AndroidManifest.xml:17:1-22:12
MERGED from [com.github.jd-alexander:LikeButton:0.2.0] AndroidManifest.xml:2:1-17:12
MERGED from [com.github.bmarrdev:android-DecoView-charting:v0.9.3] AndroidManifest.xml:2:1-16:12
MERGED from [com.turingtechnologies.materialscrollbar:lib:10.0.2] AndroidManifest.xml:2:1-11:12
MERGED from [com.google.android.material:material:1.0.0-alpha1] AndroidManifest.xml:17:1-24:12
MERGED from [androidx.appcompat:appcompat:1.0.0-alpha1] AndroidManifest.xml:17:1-22:12
MERGED from [androidx.legacy:legacy-support-v13:1.0.0-alpha1] AndroidManifest.xml:17:1-22:12
MERGED from [com.google.firebase:firebase-database:15.0.0] AndroidManifest.xml:2:1-8:12
MERGED from [com.google.firebase:firebase-messaging:15.0.2] AndroidManifest.xml:17:1-37:12
MERGED from [com.google.android.gms:play-services-maps:15.0.1] AndroidManifest.xml:17:1-32:12
MERGED from [com.google.firebase:firebase-core:15.0.2] AndroidManifest.xml:2:1-9:12
MERGED from [com.google.firebase:firebase-measurement-connector-impl:15.0.0] AndroidManifest.xml:17:1-34:12
MERGED from [com.google.firebase:firebase-database-connection:15.0.0] AndroidManifest.xml:2:1-8:12
MERGED from [com.google.firebase:firebase-analytics:15.0.2] AndroidManifest.xml:17:1-55:12
MERGED from [com.google.firebase:firebase-analytics-impl:15.0.2] AndroidManifest.xml:17:1-41:12
MERGED from [com.google.firebase:firebase-iid:15.1.0] AndroidManifest.xml:17:1-65:12
MERGED from [com.google.firebase:firebase-common:15.0.1] AndroidManifest.xml:2:1-15:12
MERGED from [com.google.firebase:firebase-iid-interop:15.0.0] AndroidManifest.xml:2:1-10:12
MERGED from [com.google.android.gms:play-services-base:15.0.1] AndroidManifest.xml:17:1-29:12
MERGED from [com.google.android.gms:play-services-tasks:15.0.1] AndroidManifest.xml:2:1-9:12
MERGED from [com.google.firebase:firebase-database-collection:15.0.1] AndroidManifest.xml:2:1-8:12
MERGED from [com.google.firebase:firebase-measurement-connector:15.0.0] AndroidManifest.xml:17:1-25:12
MERGED from [com.google.android.gms:play-services-stats:15.0.1] AndroidManifest.xml:2:1-9:12
MERGED from [com.google.android.gms:play-services-ads-identifier:15.0.1] AndroidManifest.xml:17:1-24:12
MERGED from [com.google.android.gms:play-services-basement:15.0.1] AndroidManifest.xml:17:1-28:12
MERGED from [androidx.legacy:legacy-support-v4:1.0.0-alpha1] AndroidManifest.xml:17:1-22:12
MERGED from [androidx.cardview:cardview:1.0.0-alpha1] AndroidManifest.xml:17:1-22:12
MERGED from [androidx.recyclerview:recyclerview:1.0.0-alpha1] AndroidManifest.xml:17:1-22:12
MERGED from [androidx.browser:browser:1.0.0-alpha1] AndroidManifest.xml:17:1-22:12
MERGED from [com.alexvasilkov:android-commons:1.2.4] AndroidManifest.xml:2:1-14:12
MERGED from [me.relex:circleindicator:1.2.2] AndroidManifest.xml:2:1-12:12
MERGED from [com.facebook.fresco:fresco:1.5.0] AndroidManifest.xml:2:1-9:12
MERGED from [androidx.constraintlayout:constraintlayout:1.1.0] AndroidManifest.xml:2:1-11:12
MERGED from [com.getkeepsafe.relinker:relinker:1.2.2] AndroidManifest.xml:2:1-9:12
MERGED from [androidx.fragment:fragment:1.0.0-alpha1] AndroidManifest.xml:17:1-22:12
MERGED from [androidx.vectordrawable:vectordrawable-animated:1.0.0-alpha1] AndroidManifest.xml:17:1-22:12
MERGED from [androidx.legacy:legacy-support-core-ui:1.0.0-alpha1] AndroidManifest.xml:17:1-22:12
MERGED from [androidx.legacy:legacy-support-core-utils:1.0.0-alpha1] AndroidManifest.xml:17:1-22:12
MERGED from [androidx.vectordrawable:vectordrawable:1.0.0-alpha1] AndroidManifest.xml:17:1-22:12
MERGED from [androidx.transition:transition:1.0.0-alpha1] AndroidManifest.xml:17:1-22:12
MERGED from [androidx.media:media:1.0.0-alpha1] AndroidManifest.xml:17:1-22:12
MERGED from [androidx.loader:loader:1.0.0-alpha1] AndroidManifest.xml:17:1-22:12
MERGED from [androidx.viewpager:viewpager:1.0.0-alpha1] AndroidManifest.xml:17:1-22:12
MERGED from [androidx.coordinatorlayout:coordinatorlayout:1.0.0-alpha1] AndroidManifest.xml:17:1-22:12
MERGED from [androidx.drawerlayout:drawerlayout:1.0.0-alpha1] AndroidManifest.xml:17:1-22:12
MERGED from [androidx.slidingpanelayout:slidingpanelayout:1.0.0-alpha1] AndroidManifest.xml:17:1-22:12
MERGED from [androidx.customview:customview:1.0.0-alpha1] AndroidManifest.xml:17:1-22:12
MERGED from [androidx.swiperefreshlayout:swiperefreshlayout:1.0.0-alpha1] AndroidManifest.xml:17:1-22:12
MERGED from [androidx.asynclayoutinflater:asynclayoutinflater:1.0.0-alpha1] AndroidManifest.xml:17:1-22:12
MERGED from [androidx.core:core:1.0.0-alpha1] AndroidManifest.xml:17:1-24:12
MERGED from [androidx.cursoradapter:cursoradapter:1.0.0-alpha1] AndroidManifest.xml:17:1-22:12
MERGED from [androidx.interpolator:interpolator:1.0.0-alpha1] AndroidManifest.xml:17:1-22:12
MERGED from [androidx.documentfile:documentfile:1.0.0-alpha1] AndroidManifest.xml:17:1-22:12
MERGED from [androidx.localbroadcastmanager:localbroadcastmanager:1.0.0-alpha1] AndroidManifest.xml:17:1-22:12
MERGED from [androidx.print:print:1.0.0-alpha1] AndroidManifest.xml:17:1-22:12
MERGED from [com.facebook.fresco:drawee:1.5.0] AndroidManifest.xml:2:1-9:12
MERGED from [com.facebook.fresco:imagepipeline:1.5.0] AndroidManifest.xml:2:1-9:12
MERGED from [com.facebook.fresco:imagepipeline-base:1.5.0] AndroidManifest.xml:2:1-9:12
MERGED from [com.facebook.fresco:fbcore:1.5.0] AndroidManifest.xml:2:1-9:12
MERGED from [androidx.lifecycle:lifecycle-runtime:2.0.0-alpha1] AndroidManifest.xml:17:1-22:12
MERGED from [androidx.lifecycle:lifecycle-viewmodel:2.0.0-alpha1] AndroidManifest.xml:17:1-22:12
MERGED from [com.google.android.gms:play-services-measurement-base:15.0.2] AndroidManifest.xml:17:1-24:12
MERGED from [androidx.lifecycle:lifecycle-livedata-core:2.0.0-alpha1] AndroidManifest.xml:17:1-22:12
MERGED from [androidx.arch.core:core-runtime:2.0.0-alpha1] AndroidManifest.xml:17:1-22:12
INJECTED from src/main/AndroidManifest.xml:2:1-234:12
INJECTED from src/main/AndroidManifest.xml:2:1-234:12
INJECTED from src/main/AndroidManifest.xml:2:1-234:12
	package
		ADDED from src/main/AndroidManifest.xml:4:5-33
		INJECTED from src/main/AndroidManifest.xml
		INJECTED from src/main/AndroidManifest.xml
	android:versionName
		INJECTED from src/main/AndroidManifest.xml
		ADDED from src/main/AndroidManifest.xml:2:1-234:12
		INJECTED from src/main/AndroidManifest.xml
	xmlns:tools
		ADDED from src/main/AndroidManifest.xml:3:5-51
	android:versionCode
		INJECTED from src/main/AndroidManifest.xml
		ADDED from src/main/AndroidManifest.xml:2:1-234:12
		INJECTED from src/main/AndroidManifest.xml
	xmlns:android
		ADDED from src/main/AndroidManifest.xml:2:11-69
uses-permission#android.permission.INTERNET
ADDED from src/main/AndroidManifest.xml:6:5-67
MERGED from [com.amitshekhar.android:debug-db:0.4.0] AndroidManifest.xml:29:5-67
MERGED from [com.amitshekhar.android:debug-db:0.4.0] AndroidManifest.xml:29:5-67
MERGED from [com.google.android.gms:play-services-maps:15.0.1] AndroidManifest.xml:24:5-67
MERGED from [com.google.android.gms:play-services-maps:15.0.1] AndroidManifest.xml:24:5-67
MERGED from [com.google.firebase:firebase-measurement-connector-impl:15.0.0] AndroidManifest.xml:22:5-67
MERGED from [com.google.firebase:firebase-measurement-connector-impl:15.0.0] AndroidManifest.xml:22:5-67
MERGED from [com.google.firebase:firebase-analytics:15.0.2] AndroidManifest.xml:23:5-67
MERGED from [com.google.firebase:firebase-analytics:15.0.2] AndroidManifest.xml:23:5-67
MERGED from [com.google.firebase:firebase-analytics-impl:15.0.2] AndroidManifest.xml:23:5-67
MERGED from [com.google.firebase:firebase-analytics-impl:15.0.2] AndroidManifest.xml:23:5-67
MERGED from [com.google.firebase:firebase-iid:15.1.0] AndroidManifest.xml:23:5-67
MERGED from [com.google.firebase:firebase-iid:15.1.0] AndroidManifest.xml:23:5-67
	android:name
		ADDED from src/main/AndroidManifest.xml:6:22-64
uses-permission#android.permission.ACCESS_NETWORK_STATE
ADDED from src/main/AndroidManifest.xml:7:5-79
MERGED from [com.google.android.gms:play-services-maps:15.0.1] AndroidManifest.xml:23:5-79
MERGED from [com.google.android.gms:play-services-maps:15.0.1] AndroidManifest.xml:23:5-79
MERGED from [com.google.firebase:firebase-measurement-connector-impl:15.0.0] AndroidManifest.xml:23:5-79
MERGED from [com.google.firebase:firebase-measurement-connector-impl:15.0.0] AndroidManifest.xml:23:5-79
MERGED from [com.google.firebase:firebase-analytics:15.0.2] AndroidManifest.xml:24:5-79
MERGED from [com.google.firebase:firebase-analytics:15.0.2] AndroidManifest.xml:24:5-79
MERGED from [com.google.firebase:firebase-analytics-impl:15.0.2] AndroidManifest.xml:24:5-79
MERGED from [com.google.firebase:firebase-analytics-impl:15.0.2] AndroidManifest.xml:24:5-79
MERGED from [com.google.firebase:firebase-iid:15.1.0] AndroidManifest.xml:22:5-79
MERGED from [com.google.firebase:firebase-iid:15.1.0] AndroidManifest.xml:22:5-79
	android:name
		ADDED from src/main/AndroidManifest.xml:7:22-76
uses-permission#android.permission.CHANGE_NETWORK_STATE
ADDED from src/main/AndroidManifest.xml:8:5-79
	android:name
		ADDED from src/main/AndroidManifest.xml:8:22-76
uses-permission#android.permission.WRITE_EXTERNAL_STORAGE
ADDED from src/main/AndroidManifest.xml:9:5-81
	android:name
		ADDED from src/main/AndroidManifest.xml:9:22-78
uses-permission#android.permission.READ_EXTERNAL_STORAGE
ADDED from src/main/AndroidManifest.xml:10:5-80
	android:name
		ADDED from src/main/AndroidManifest.xml:10:22-77
uses-permission#android.permission.WAKE_LOCK
ADDED from src/main/AndroidManifest.xml:11:5-68
MERGED from [com.google.firebase:firebase-measurement-connector-impl:15.0.0] AndroidManifest.xml:24:5-68
MERGED from [com.google.firebase:firebase-measurement-connector-impl:15.0.0] AndroidManifest.xml:24:5-68
MERGED from [com.google.firebase:firebase-analytics:15.0.2] AndroidManifest.xml:25:5-68
MERGED from [com.google.firebase:firebase-analytics:15.0.2] AndroidManifest.xml:25:5-68
MERGED from [com.google.firebase:firebase-analytics-impl:15.0.2] AndroidManifest.xml:25:5-68
MERGED from [com.google.firebase:firebase-analytics-impl:15.0.2] AndroidManifest.xml:25:5-68
MERGED from [com.google.firebase:firebase-iid:15.1.0] AndroidManifest.xml:24:5-68
MERGED from [com.google.firebase:firebase-iid:15.1.0] AndroidManifest.xml:24:5-68
	android:name
		ADDED from src/main/AndroidManifest.xml:11:22-65
uses-permission#android.permission.RECEIVE_BOOT_COMPLETED
ADDED from src/main/AndroidManifest.xml:12:5-81
	android:name
		ADDED from src/main/AndroidManifest.xml:12:22-78
uses-permission#android.permission.CALL_PHONE
ADDED from src/main/AndroidManifest.xml:13:5-69
	android:name
		ADDED from src/main/AndroidManifest.xml:13:22-66
uses-permission#android.permission.READ_PHONE_STATE
ADDED from src/main/AndroidManifest.xml:14:5-75
	android:name
		ADDED from src/main/AndroidManifest.xml:14:22-72
uses-permission#android.permission.ACCESS_FINE_LOCATION
ADDED from src/main/AndroidManifest.xml:21:5-79
	android:name
		ADDED from src/main/AndroidManifest.xml:21:22-76
application
ADDED from src/main/AndroidManifest.xml:23:5-232:19
MERGED from [com.amitshekhar.android:debug-db:0.4.0] AndroidManifest.xml:32:5-38:19
MERGED from [com.amitshekhar.android:debug-db:0.4.0] AndroidManifest.xml:32:5-38:19
MERGED from [com.github.jd-alexander:LikeButton:0.2.0] AndroidManifest.xml:11:5-15:19
MERGED from [com.github.jd-alexander:LikeButton:0.2.0] AndroidManifest.xml:11:5-15:19
MERGED from [com.github.bmarrdev:android-DecoView-charting:v0.9.3] AndroidManifest.xml:11:5-14:19
MERGED from [com.github.bmarrdev:android-DecoView-charting:v0.9.3] AndroidManifest.xml:11:5-14:19
MERGED from [com.google.android.material:material:1.0.0-alpha1] AndroidManifest.xml:22:5-20
MERGED from [com.google.android.material:material:1.0.0-alpha1] AndroidManifest.xml:22:5-20
MERGED from [com.google.firebase:firebase-messaging:15.0.2] AndroidManifest.xml:22:5-35:19
MERGED from [com.google.firebase:firebase-messaging:15.0.2] AndroidManifest.xml:22:5-35:19
MERGED from [com.google.android.gms:play-services-maps:15.0.1] AndroidManifest.xml:30:5-20
MERGED from [com.google.android.gms:play-services-maps:15.0.1] AndroidManifest.xml:30:5-20
MERGED from [com.google.firebase:firebase-core:15.0.2] AndroidManifest.xml:7:5-20
MERGED from [com.google.firebase:firebase-core:15.0.2] AndroidManifest.xml:7:5-20
MERGED from [com.google.firebase:firebase-measurement-connector-impl:15.0.0] AndroidManifest.xml:26:5-32:19
MERGED from [com.google.firebase:firebase-measurement-connector-impl:15.0.0] AndroidManifest.xml:26:5-32:19
MERGED from [com.google.firebase:firebase-analytics:15.0.2] AndroidManifest.xml:28:5-53:19
MERGED from [com.google.firebase:firebase-analytics:15.0.2] AndroidManifest.xml:28:5-53:19
MERGED from [com.google.firebase:firebase-analytics-impl:15.0.2] AndroidManifest.xml:28:5-39:19
MERGED from [com.google.firebase:firebase-analytics-impl:15.0.2] AndroidManifest.xml:28:5-39:19
MERGED from [com.google.firebase:firebase-iid:15.1.0] AndroidManifest.xml:34:5-63:19
MERGED from [com.google.firebase:firebase-iid:15.1.0] AndroidManifest.xml:34:5-63:19
MERGED from [com.google.firebase:firebase-common:15.0.1] AndroidManifest.xml:7:5-13:19
MERGED from [com.google.firebase:firebase-common:15.0.1] AndroidManifest.xml:7:5-13:19
MERGED from [com.google.firebase:firebase-iid-interop:15.0.0] AndroidManifest.xml:7:5-8:19
MERGED from [com.google.firebase:firebase-iid-interop:15.0.0] AndroidManifest.xml:7:5-8:19
MERGED from [com.google.android.gms:play-services-base:15.0.1] AndroidManifest.xml:22:5-27:19
MERGED from [com.google.android.gms:play-services-base:15.0.1] AndroidManifest.xml:22:5-27:19
MERGED from [com.google.android.gms:play-services-tasks:15.0.1] AndroidManifest.xml:7:5-20
MERGED from [com.google.android.gms:play-services-tasks:15.0.1] AndroidManifest.xml:7:5-20
MERGED from [com.google.firebase:firebase-measurement-connector:15.0.0] AndroidManifest.xml:22:5-23:19
MERGED from [com.google.firebase:firebase-measurement-connector:15.0.0] AndroidManifest.xml:22:5-23:19
MERGED from [com.google.android.gms:play-services-stats:15.0.1] AndroidManifest.xml:7:5-20
MERGED from [com.google.android.gms:play-services-stats:15.0.1] AndroidManifest.xml:7:5-20
MERGED from [com.google.android.gms:play-services-ads-identifier:15.0.1] AndroidManifest.xml:22:5-20
MERGED from [com.google.android.gms:play-services-ads-identifier:15.0.1] AndroidManifest.xml:22:5-20
MERGED from [com.google.android.gms:play-services-basement:15.0.1] AndroidManifest.xml:22:5-26:19
MERGED from [com.google.android.gms:play-services-basement:15.0.1] AndroidManifest.xml:22:5-26:19
MERGED from [com.alexvasilkov:android-commons:1.2.4] AndroidManifest.xml:12:5-20
MERGED from [com.alexvasilkov:android-commons:1.2.4] AndroidManifest.xml:12:5-20
MERGED from [androidx.constraintlayout:constraintlayout:1.1.0] AndroidManifest.xml:9:5-20
MERGED from [androidx.constraintlayout:constraintlayout:1.1.0] AndroidManifest.xml:9:5-20
MERGED from [androidx.core:core:1.0.0-alpha1] AndroidManifest.xml:22:5-89
MERGED from [androidx.core:core:1.0.0-alpha1] AndroidManifest.xml:22:5-89
MERGED from [com.google.android.gms:play-services-measurement-base:15.0.2] AndroidManifest.xml:22:5-20
MERGED from [com.google.android.gms:play-services-measurement-base:15.0.2] AndroidManifest.xml:22:5-20
	android:appComponentFactory
		ADDED from [androidx.core:core:1.0.0-alpha1] AndroidManifest.xml:22:18-86
	android:supportsRtl
		ADDED from src/main/AndroidManifest.xml:28:9-35
	android:label
		ADDED from src/main/AndroidManifest.xml:27:9-41
	android:icon
		ADDED from src/main/AndroidManifest.xml:26:9-43
	android:allowBackup
		ADDED from src/main/AndroidManifest.xml:25:9-36
		REJECTED from [com.github.jd-alexander:LikeButton:0.2.0] AndroidManifest.xml:12:9-35
		REJECTED from [com.github.bmarrdev:android-DecoView-charting:v0.9.3] AndroidManifest.xml:12:9-35
	android:theme
		ADDED from src/main/AndroidManifest.xml:30:9-40
	tools:replace
		ADDED from src/main/AndroidManifest.xml:29:9-44
	android:name
		ADDED from src/main/AndroidManifest.xml:24:9-30
activity#com.csatimes.dojma.activities.MainActivity
ADDED from src/main/AndroidManifest.xml:31:9-59:20
	android:label
		ADDED from src/main/AndroidManifest.xml:33:13-45
	android:theme
		ADDED from src/main/AndroidManifest.xml:34:13-56
	android:name
		ADDED from src/main/AndroidManifest.xml:32:13-52
intent-filter#action:name:android.intent.action.MAIN+category:name:android.intent.category.LAUNCHER
ADDED from src/main/AndroidManifest.xml:35:13-39:29
action#android.intent.action.MAIN
ADDED from src/main/AndroidManifest.xml:36:17-69
	android:name
		ADDED from src/main/AndroidManifest.xml:36:25-66
category#android.intent.category.LAUNCHER
ADDED from src/main/AndroidManifest.xml:38:17-77
	android:name
		ADDED from src/main/AndroidManifest.xml:38:27-74
intent-filter#action:name:android.intent.action.VIEW+category:name:android.intent.category.BROWSABLE+category:name:android.intent.category.DEFAULT+data:host:www.csatimes.co.in/dojma/+data:scheme:http+data:scheme:https
ADDED from src/main/AndroidManifest.xml:40:13-51:29
	android:autoVerify
		ADDED from src/main/AndroidManifest.xml:41:17-42
	tools:targetApi
		ADDED from src/main/AndroidManifest.xml:42:17-36
action#android.intent.action.VIEW
ADDED from src/main/AndroidManifest.xml:43:17-69
	android:name
		ADDED from src/main/AndroidManifest.xml:43:25-66
category#android.intent.category.DEFAULT
ADDED from src/main/AndroidManifest.xml:45:17-76
	android:name
		ADDED from src/main/AndroidManifest.xml:45:27-73
category#android.intent.category.BROWSABLE
ADDED from src/main/AndroidManifest.xml:46:17-78
	android:name
		ADDED from src/main/AndroidManifest.xml:46:27-75
data
ADDED from src/main/AndroidManifest.xml:48:17-47
	android:host
		ADDED from src/main/AndroidManifest.xml:50:23-63
	android:scheme
		ADDED from src/main/AndroidManifest.xml:48:23-44
meta-data#android.app.shortcuts
ADDED from src/main/AndroidManifest.xml:53:13-55:53
	android:resource
		ADDED from src/main/AndroidManifest.xml:55:17-50
	android:name
		ADDED from src/main/AndroidManifest.xml:54:17-53
meta-data#android.app.default_searchable
ADDED from src/main/AndroidManifest.xml:56:13-58:47
	android:value
		ADDED from src/main/AndroidManifest.xml:58:17-44
	android:name
		ADDED from src/main/AndroidManifest.xml:57:17-62
activity#com.csatimes.dojma.activities.SettingsActivity
ADDED from src/main/AndroidManifest.xml:60:9-68:20
	android:parentActivityName
		ADDED from src/main/AndroidManifest.xml:63:13-66
	android:label
		ADDED from src/main/AndroidManifest.xml:62:13-60
	android:theme
		ADDED from src/main/AndroidManifest.xml:64:13-56
	android:name
		ADDED from src/main/AndroidManifest.xml:61:13-56
meta-data#android.support.PARENT_ACTIVITY
ADDED from src/main/AndroidManifest.xml:65:13-67:78
	android:value
		ADDED from src/main/AndroidManifest.xml:67:17-75
	android:name
		ADDED from src/main/AndroidManifest.xml:66:17-63
activity#com.csatimes.dojma.activities.AboutUsActivity
ADDED from src/main/AndroidManifest.xml:69:9-78:20
	android:parentActivityName
		ADDED from src/main/AndroidManifest.xml:72:13-66
	android:label
		ADDED from src/main/AndroidManifest.xml:71:13-60
	android:theme
		ADDED from src/main/AndroidManifest.xml:73:13-56
	android:name
		ADDED from src/main/AndroidManifest.xml:70:13-55
service#com.csatimes.dojma.services.UpdateCheckerService
ADDED from src/main/AndroidManifest.xml:80:9-82:40
	android:exported
		ADDED from src/main/AndroidManifest.xml:82:13-37
	android:name
		ADDED from src/main/AndroidManifest.xml:81:13-58
receiver#com.csatimes.dojma.services.AlarmReceiver
ADDED from src/main/AndroidManifest.xml:84:9-60
	android:name
		ADDED from src/main/AndroidManifest.xml:84:19-57
receiver#com.csatimes.dojma.services.CopyLinkBroadcastReceiver
ADDED from src/main/AndroidManifest.xml:85:9-87:38
	android:enabled
		ADDED from src/main/AndroidManifest.xml:87:13-35
	android:name
		ADDED from src/main/AndroidManifest.xml:86:13-63
receiver#com.csatimes.dojma.services.BootBroadcastService
ADDED from src/main/AndroidManifest.xml:88:9-92:20
	android:name
		ADDED from src/main/AndroidManifest.xml:88:19-64
intent-filter#action:name:android.intent.action.BOOT_COMPLETED
ADDED from src/main/AndroidManifest.xml:89:13-91:29
action#android.intent.action.BOOT_COMPLETED
ADDED from src/main/AndroidManifest.xml:90:17-79
	android:name
		ADDED from src/main/AndroidManifest.xml:90:25-76
activity#com.csatimes.dojma.activities.FavouritesActivity
ADDED from src/main/AndroidManifest.xml:94:9-102:20
	android:parentActivityName
		ADDED from src/main/AndroidManifest.xml:97:13-66
	android:label
		ADDED from src/main/AndroidManifest.xml:96:13-62
	android:theme
		ADDED from src/main/AndroidManifest.xml:98:13-44
	android:name
		ADDED from src/main/AndroidManifest.xml:95:13-58
activity#com.csatimes.dojma.activities.ImagesAndMediaActivity
ADDED from src/main/AndroidManifest.xml:103:9-111:20
	android:parentActivityName
		ADDED from src/main/AndroidManifest.xml:106:13-66
	android:label
		ADDED from src/main/AndroidManifest.xml:105:13-68
	android:theme
		ADDED from src/main/AndroidManifest.xml:107:13-44
	android:name
		ADDED from src/main/AndroidManifest.xml:104:13-62
activity#com.csatimes.dojma.activities.UtilitiesLinksActivity
ADDED from src/main/AndroidManifest.xml:112:9-119:20
	android:parentActivityName
		ADDED from src/main/AndroidManifest.xml:115:13-66
	android:label
		ADDED from src/main/AndroidManifest.xml:114:13-34
	android:name
		ADDED from src/main/AndroidManifest.xml:113:13-62
activity#com.csatimes.dojma.activities.OfflineSimpleViewerActivity
ADDED from src/main/AndroidManifest.xml:120:9-128:20
	android:parentActivityName
		ADDED from src/main/AndroidManifest.xml:123:13-66
	android:label
		ADDED from src/main/AndroidManifest.xml:122:13-73
	android:theme
		ADDED from src/main/AndroidManifest.xml:124:13-44
	android:name
		ADDED from src/main/AndroidManifest.xml:121:13-67
activity#com.csatimes.dojma.activities.POSTDownloaderActivity
ADDED from src/main/AndroidManifest.xml:129:9-133:47
	android:label
		ADDED from src/main/AndroidManifest.xml:132:13-66
	android:configChanges
		ADDED from src/main/AndroidManifest.xml:131:13-63
	android:theme
		ADDED from src/main/AndroidManifest.xml:133:13-44
	android:name
		ADDED from src/main/AndroidManifest.xml:130:13-62
activity#com.csatimes.dojma.activities.UtilitiesContactsActivity
ADDED from src/main/AndroidManifest.xml:134:9-74
	android:name
		ADDED from src/main/AndroidManifest.xml:134:19-71
meta-data#com.google.android.geo.API_KEY
ADDED from src/main/AndroidManifest.xml:145:9-147:55
	android:value
		ADDED from src/main/AndroidManifest.xml:147:13-52
	android:name
		ADDED from src/main/AndroidManifest.xml:146:13-58
activity#com.csatimes.dojma.activities.UtilitiesMapsActivity
ADDED from src/main/AndroidManifest.xml:149:9-155:20
	android:label
		ADDED from src/main/AndroidManifest.xml:151:13-56
	android:name
		ADDED from src/main/AndroidManifest.xml:150:13-61
activity#com.csatimes.dojma.activities.AboutDojmaActivity
ADDED from src/main/AndroidManifest.xml:156:9-164:20
	android:parentActivityName
		ADDED from src/main/AndroidManifest.xml:159:13-66
	android:label
		ADDED from src/main/AndroidManifest.xml:158:13-63
	android:theme
		ADDED from src/main/AndroidManifest.xml:160:13-44
	android:name
		ADDED from src/main/AndroidManifest.xml:157:13-58
service#com.csatimes.dojma.services.HandleFirebaseMessages
ADDED from src/main/AndroidManifest.xml:166:9-184:19
	android:enabled
		ADDED from src/main/AndroidManifest.xml:168:13-35
	android:exported
		ADDED from src/main/AndroidManifest.xml:169:13-37
	android:name
		ADDED from src/main/AndroidManifest.xml:167:13-60
intent-filter#action:name:com.google.firebase.MESSAGING_EVENT
ADDED from src/main/AndroidManifest.xml:170:13-172:29
action#com.google.firebase.MESSAGING_EVENT
ADDED from src/main/AndroidManifest.xml:171:17-78
	android:name
		ADDED from src/main/AndroidManifest.xml:171:25-75
meta-data#com.google.firebase.messaging.default_notification_icon
ADDED from src/main/AndroidManifest.xml:178:13-180:58
	android:resource
		ADDED from src/main/AndroidManifest.xml:180:17-55
	android:name
		ADDED from src/main/AndroidManifest.xml:179:17-87
meta-data#com.google.firebase.messaging.default_notification_color
ADDED from src/main/AndroidManifest.xml:181:13-183:58
	android:resource
		ADDED from src/main/AndroidManifest.xml:183:17-55
	android:name
		ADDED from src/main/AndroidManifest.xml:182:17-88
activity#com.csatimes.dojma.activities.UtilitiesMenuActivity
ADDED from src/main/AndroidManifest.xml:186:9-194:20
	android:parentActivityName
		ADDED from src/main/AndroidManifest.xml:189:13-66
	android:label
		ADDED from src/main/AndroidManifest.xml:188:13-62
	android:theme
		ADDED from src/main/AndroidManifest.xml:190:13-44
	android:name
		ADDED from src/main/AndroidManifest.xml:187:13-61
activity#com.csatimes.dojma.activities.SearchableActivity
ADDED from src/main/AndroidManifest.xml:195:9-211:20
	android:parentActivityName
		ADDED from src/main/AndroidManifest.xml:199:13-66
	android:label
		ADDED from src/main/AndroidManifest.xml:197:13-62
	android:launchMode
		ADDED from src/main/AndroidManifest.xml:198:13-43
	android:theme
		ADDED from src/main/AndroidManifest.xml:200:13-56
	android:name
		ADDED from src/main/AndroidManifest.xml:196:13-58
intent-filter#action:name:android.intent.action.SEARCH
ADDED from src/main/AndroidManifest.xml:201:13-203:29
action#android.intent.action.SEARCH
ADDED from src/main/AndroidManifest.xml:202:17-71
	android:name
		ADDED from src/main/AndroidManifest.xml:202:25-68
meta-data#android.app.searchable
ADDED from src/main/AndroidManifest.xml:208:13-210:54
	android:resource
		ADDED from src/main/AndroidManifest.xml:210:17-51
	android:name
		ADDED from src/main/AndroidManifest.xml:209:17-54
activity#com.csatimes.dojma.activities.IssuesActivity
ADDED from src/main/AndroidManifest.xml:223:9-231:20
	android:parentActivityName
		ADDED from src/main/AndroidManifest.xml:226:13-66
	android:label
		ADDED from src/main/AndroidManifest.xml:225:13-58
	android:theme
		ADDED from src/main/AndroidManifest.xml:227:13-44
	android:name
		ADDED from src/main/AndroidManifest.xml:224:13-54
uses-sdk
INJECTED from src/main/AndroidManifest.xml reason: use-sdk injection requested
INJECTED from src/main/AndroidManifest.xml
INJECTED from src/main/AndroidManifest.xml
MERGED from [io.realm:realm-android-library:5.1.0] AndroidManifest.xml:6:5-8:41
MERGED from [io.realm:realm-android-library:5.1.0] AndroidManifest.xml:6:5-8:41
MERGED from [com.amitshekhar.android:debug-db:0.4.0] AndroidManifest.xml:25:5-27:41
MERGED from [com.amitshekhar.android:debug-db:0.4.0] AndroidManifest.xml:25:5-27:41
MERGED from [androidx.multidex:multidex-instrumentation:2.0.0] AndroidManifest.xml:20:5-43
MERGED from [androidx.multidex:multidex-instrumentation:2.0.0] AndroidManifest.xml:20:5-43
MERGED from [androidx.multidex:multidex:2.0.0] AndroidManifest.xml:20:5-43
MERGED from [androidx.multidex:multidex:2.0.0] AndroidManifest.xml:20:5-43
MERGED from [com.github.jd-alexander:LikeButton:0.2.0] AndroidManifest.xml:7:5-9:41
MERGED from [com.github.jd-alexander:LikeButton:0.2.0] AndroidManifest.xml:7:5-9:41
MERGED from [com.github.bmarrdev:android-DecoView-charting:v0.9.3] AndroidManifest.xml:7:5-9:41
MERGED from [com.github.bmarrdev:android-DecoView-charting:v0.9.3] AndroidManifest.xml:7:5-9:41
MERGED from [com.turingtechnologies.materialscrollbar:lib:10.0.2] AndroidManifest.xml:7:5-9:41
MERGED from [com.turingtechnologies.materialscrollbar:lib:10.0.2] AndroidManifest.xml:7:5-9:41
MERGED from [com.google.android.material:material:1.0.0-alpha1] AndroidManifest.xml:20:5-44
MERGED from [com.google.android.material:material:1.0.0-alpha1] AndroidManifest.xml:20:5-44
MERGED from [androidx.appcompat:appcompat:1.0.0-alpha1] AndroidManifest.xml:20:5-44
MERGED from [androidx.appcompat:appcompat:1.0.0-alpha1] AndroidManifest.xml:20:5-44
MERGED from [androidx.legacy:legacy-support-v13:1.0.0-alpha1] AndroidManifest.xml:20:5-44
MERGED from [androidx.legacy:legacy-support-v13:1.0.0-alpha1] AndroidManifest.xml:20:5-44
MERGED from [com.google.firebase:firebase-database:15.0.0] AndroidManifest.xml:6:5-44
MERGED from [com.google.firebase:firebase-database:15.0.0] AndroidManifest.xml:6:5-44
MERGED from [com.google.firebase:firebase-messaging:15.0.2] AndroidManifest.xml:20:5-44
MERGED from [com.google.firebase:firebase-messaging:15.0.2] AndroidManifest.xml:20:5-44
MERGED from [com.google.android.gms:play-services-maps:15.0.1] AndroidManifest.xml:20:5-44
MERGED from [com.google.android.gms:play-services-maps:15.0.1] AndroidManifest.xml:20:5-44
MERGED from [com.google.firebase:firebase-core:15.0.2] AndroidManifest.xml:5:5-44
MERGED from [com.google.firebase:firebase-core:15.0.2] AndroidManifest.xml:5:5-44
MERGED from [com.google.firebase:firebase-measurement-connector-impl:15.0.0] AndroidManifest.xml:20:5-44
MERGED from [com.google.firebase:firebase-measurement-connector-impl:15.0.0] AndroidManifest.xml:20:5-44